<?xml version="1.0" encoding="UTF-8"?>
<!-- Generated by org.testng.reporters.JUnitXMLReporter -->
<testsuite ignored="0" hostname="LAPTOP-BDF4F072" failures="0" tests="4" name="Test2" time="11.638" errors="0" timestamp="2024-09-21T00:58:24 IST">
  <testcase classname="com.Myntra.Kids" name="cickOnKids" time="0.0">
    <skipped/>
  </testcase> <!-- cickOnKids -->
  <testcase classname="com.Myntra.Kids" name="validateKidsPage" time="0.0">
    <skipped/>
  </testcase> <!-- validateKidsPage -->
  <testcase classname="com.Myntra.Kids" name="clickOnAllen" time="0.0">
    <skipped/>
  </testcase> <!-- clickOnAllen -->
  <testcase classname="com.Myntra.Kids" name="validateAllen" time="0.0">
    <skipped/>
  </testcase> <!-- validateAllen -->
</testsuite> <!-- Test2 -->
